[  0%] Built target actionlib_msgs_generate_messages_cpp
[  0%] Built target rosgraph_msgs_generate_messages_nodejs
[  0%] Built target rosgraph_msgs_generate_messages_py
[  0%] Built target std_msgs_generate_messages_eus
[  0%] Built target rosgraph_msgs_generate_messages_lisp
[  0%] Built target rosgraph_msgs_generate_messages_eus
[  0%] Built target rosgraph_msgs_generate_messages_cpp
[  0%] Built target roscpp_generate_messages_py
[  0%] Built target std_msgs_generate_messages_py
[  0%] Built target roscpp_generate_messages_nodejs
[  0%] Built target roscpp_generate_messages_eus
[  0%] Built target roscpp_generate_messages_lisp
[  0%] Built target actionlib_generate_messages_cpp
[  0%] Built target roscpp_generate_messages_cpp
[  0%] Built target actionlib_msgs_generate_messages_nodejs
[  0%] Built target std_msgs_generate_messages_cpp
[  0%] Built target std_msgs_generate_messages_lisp
[  0%] Built target std_msgs_generate_messages_nodejs
[  0%] Built target actionlib_generate_messages_eus
[  0%] Built target actionlib_generate_messages_lisp
[  0%] Built target actionlib_generate_messages_nodejs
[  0%] Built target actionlib_generate_messages_py
[  0%] Built target actionlib_msgs_generate_messages_eus
[  0%] Built target actionlib_msgs_generate_messages_lisp
[  0%] Built target actionlib_msgs_generate_messages_py
[  0%] Built target _Display_generate_messages_check_deps_display_msg
[35m[1mScanning dependencies of target Display[0m
[ 11%] [32mBuilding CXX object CMakeFiles/Display.dir/src/display.cpp.o[0m
[ 22%] Built target Display_generate_messages_cpp
[ 44%] Built target Display_generate_messages_py
[ 55%] Built target Display_generate_messages_nodejs
[ 66%] Built target Display_generate_messages_lisp
[ 88%] Built target Display_generate_messages_eus
[ 88%] Built target Display_generate_messages
[01m[K/home/jylee/jylee/ROSPlan/src/Custom/Display/src/display.cpp:25:32:[m[K [01;31m[Kerror: [m[KISO C++ forbids declaration of â€˜[01m[Kdisplay[m[Kâ€™ with no type [[01;31m[K-fpermissive[m[K]
     Display_Interface::display([01;31m[K)[m[K{
                                [01;31m[K^[m[K
[01m[K/home/jylee/jylee/ROSPlan/src/Custom/Display/src/display.cpp:25:5:[m[K [01;31m[Kerror: [m[Kprototype for â€˜[01m[Kint Custom::Display_Interface::display()[m[Kâ€™ does not match any in class â€˜[01m[KCustom::Display_Interface[m[Kâ€™
     [01;31m[KDisplay_Interface[m[K::display(){
     [01;31m[K^~~~~~~~~~~~~~~~~[m[K
In file included from [01m[K/home/jylee/jylee/ROSPlan/src/Custom/Display/src/display.cpp:1:0[m[K:
[01m[K/home/jylee/jylee/ROSPlan/src/Custom/Display/include/Display/display.h:23:14:[m[K [01;31m[Kerror: [m[Kcandidate is: void Custom::Display_Interface::display()
         void [01;31m[Kdisplay[m[K();
              [01;31m[K^~~~~~~[m[K
[01m[K/home/jylee/jylee/ROSPlan/src/Custom/Display/src/display.cpp:[m[K In function â€˜[01m[Kint main(int, char**)[m[Kâ€™:
[01m[K/home/jylee/jylee/ROSPlan/src/Custom/Display/src/display.cpp:56:29:[m[K [01;31m[Kerror: [m[Kâ€˜[01m[Kchrono[m[Kâ€™ has not been declared
         double start_time = [01;31m[Kchrono[m[K::duration_cast<chrono::nanoseconds>(chrono::system_clock::now().time_since_epoch()).count();
                             [01;31m[K^~~~~~[m[K
[01m[K/home/jylee/jylee/ROSPlan/src/Custom/Display/src/display.cpp:56:51:[m[K [01;31m[Kerror: [m[Kâ€˜[01m[Kchrono[m[Kâ€™ has not been declared
         double start_time = chrono::duration_cast<[01;31m[Kchrono[m[K::nanoseconds>(chrono::system_clock::now().time_since_epoch()).count();
                                                   [01;31m[K^~~~~~[m[K
[01m[K/home/jylee/jylee/ROSPlan/src/Custom/Display/src/display.cpp:56:72:[m[K [01;31m[Kerror: [m[Kâ€˜[01m[Kchrono[m[Kâ€™ has not been declared
         double start_time = chrono::duration_cast<chrono::nanoseconds>([01;31m[Kchrono[m[K::system_clock::now().time_since_epoch()).count();
                                                                        [01;31m[K^~~~~~[m[K
[01m[K/home/jylee/jylee/ROSPlan/src/Custom/Display/src/display.cpp:61:30:[m[K [01;31m[Kerror: [m[Kâ€˜[01m[Kchrono[m[Kâ€™ has not been declared
         double finish_time = [01;31m[Kchrono[m[K::duration_cast<chrono::nanoseconds>(chrono::system_clock::now().time_since_epoch()).count();
                              [01;31m[K^~~~~~[m[K
[01m[K/home/jylee/jylee/ROSPlan/src/Custom/Display/src/display.cpp:61:52:[m[K [01;31m[Kerror: [m[Kâ€˜[01m[Kchrono[m[Kâ€™ has not been declared
         double finish_time = chrono::duration_cast<[01;31m[Kchrono[m[K::nanoseconds>(chrono::system_clock::now().time_since_epoch()).count();
                                                    [01;31m[K^~~~~~[m[K
[01m[K/home/jylee/jylee/ROSPlan/src/Custom/Display/src/display.cpp:61:73:[m[K [01;31m[Kerror: [m[Kâ€˜[01m[Kchrono[m[Kâ€™ has not been declared
         double finish_time = chrono::duration_cast<chrono::nanoseconds>([01;31m[Kchrono[m[K::system_clock::now().time_since_epoch()).count();
                                                                         [01;31m[K^~~~~~[m[K
CMakeFiles/Display.dir/build.make:62: recipe for target 'CMakeFiles/Display.dir/src/display.cpp.o' failed
CMakeFiles/Makefile2:91: recipe for target 'CMakeFiles/Display.dir/all' failed
make[2]: *** [CMakeFiles/Display.dir/src/display.cpp.o] Error 1
make[1]: *** [CMakeFiles/Display.dir/all] Error 2
Makefile:140: recipe for target 'all' failed
make: *** [all] Error 2
